*** Starting Content ***
	biorxiv_medrxiv: 803
	comm_use_subset: 9000
	noncomm_use_subset: 1973
	pmc_custom_license: 1426

{
   "sha": "c630ebcdf30652f0422c3ec12a00b50241dc9bd9",
   "source_x": "CZI",
   "title": "Angiotensin-converting enzyme 2 (ACE2) as a SARS-CoV-2 receptor: molecular mechanisms and potential therapeutic target",
   "doi": "10.1007/s00134-020-05985-9",
   "pmcid": "",
   "pubmed_id": "32125455",
   "license": "cc-by-nc",
   "abstract": "",
   "publish_time": "2020",
   "authors": "Zhang, Haibo; Penninger, Josef M.; Li, Yimin; Zhong, Nanshan; Slutsky, Arthur S.",
   "journal": "Intensive Care Med",
   "Microsoft Academic Paper ID": "2002765492",
   "WHO #Covidence": "#3252",
   "has_full_text": "True",
   "id": "noncomm_use_subset/c630ebcdf30652f0422c3ec12a00b50241dc9bd9"
}

*** File by source_x ***
{'CZI': 1236, 'PMC': 27337, 'biorxiv': 566, 'medrxiv': 361}

*** File by subdirectory ***
{'noncomm_use_subset': 1973, 'comm_use_subset': 9000, 'MISSING': 16298, 'pmc_custom_license': 1426, 'biorxiv_medrxiv': 803}

*** Unreferenced files ***
